2022-05-13 05:53:53 INFO  WebController:37 - All queues - 
2022-05-13 05:54:03 INFO  WebController:23 - GB requests to create q1
2022-05-13 05:54:03 INFO  MessageQueueController:33 - q1 created
2022-05-13 05:54:03 INFO  QueueAdapter:27 - MessageQueue{, owner=Owner{ownerName='GB'}, name='q1'}
2022-05-13 05:54:09 INFO  WebController:23 - MB requests to create q2
2022-05-13 05:54:09 INFO  MessageQueueController:33 - q2 created
2022-05-13 05:54:09 INFO  QueueAdapter:27 - MessageQueue{, owner=Owner{ownerName='GB'}, name='q1'}
2022-05-13 05:54:09 INFO  QueueAdapter:27 - MessageQueue{, owner=Owner{ownerName='MB'}, name='q2'}
2022-05-13 05:54:11 INFO  WebController:23 - DG requests to create q3
2022-05-13 05:54:11 INFO  MessageQueueController:33 - q3 created
2022-05-13 05:54:11 INFO  QueueAdapter:27 - MessageQueue{, owner=Owner{ownerName='GB'}, name='q1'}
2022-05-13 05:54:11 INFO  QueueAdapter:27 - MessageQueue{, owner=Owner{ownerName='MB'}, name='q2'}
2022-05-13 05:54:11 INFO  QueueAdapter:27 - MessageQueue{, owner=Owner{ownerName='DG'}, name='q3'}
2022-05-13 05:54:38 INFO  WebController:37 - All queues - 
2022-05-13 05:58:25 INFO  WebController:23 - GB requests to create q1
2022-05-13 05:58:25 INFO  MessageQueueController:33 - q1 created
2022-05-13 05:58:25 INFO  QueueAdapter:27 - MessageQueue{, owner=Owner{ownerName='GB'}, name='q1'}
2022-05-13 05:58:29 INFO  WebController:37 - All queues - 
2022-05-13 05:59:41 INFO  QueueAdapter:27 - MessageQueue{, owner=Owner{ownerName='GB'}, name='q1'}
2022-05-13 05:59:43 INFO  QueueAdapter:27 - MessageQueue{, owner=Owner{ownerName='GB'}, name='q1'}
2022-05-13 06:00:15 INFO  QueueAdapter:27 - MessageQueue{, owner=Owner{ownerName='GB'}, name='q1'}
2022-05-13 06:00:16 INFO  QueueAdapter:27 - MessageQueue{, owner=Owner{ownerName='GB'}, name='q1'}
2022-05-13 06:00:17 INFO  QueueAdapter:27 - MessageQueue{, owner=Owner{ownerName='GB'}, name='q1'}
2022-05-13 06:00:17 INFO  QueueAdapter:27 - MessageQueue{, owner=Owner{ownerName='GB'}, name='q1'}
